<?xml version="1.0" encoding="UTF-8"?>
<!-- Generated by org.testng.reporters.JUnitReportReporter -->
<testsuite hostname="LGMTR-PC" name="processcontrol.core.interpreter.test.ProcessBeanTest" tests="1" failures="0" timestamp="12 Aug 2015 14:06:39 GMT" time="1.984" errors="0">
  <testcase name="processBeanStressTestComplex" time="1.984" classname="processcontrol.core.interpreter.test.ProcessBeanTest"/>
</testsuite> <!-- processcontrol.core.interpreter.test.ProcessBeanTest -->
