<?xml version="1.0" encoding="UTF-8"?>
<!-- Generated by org.testng.reporters.JUnitReportReporter -->
<testsuite hostname="LGMTR-PC" name="processcontrol.core.interpreter.test.ProcessBeanTest" tests="2" failures="0" timestamp="16 Aug 2015 22:00:18 GMT" time="0.332" errors="0">
  <testcase name="processBeanTestSimple" time="0.047" classname="processcontrol.core.interpreter.test.ProcessBeanTest"/>
  <testcase name="processBeanTestComplex" time="0.285" classname="processcontrol.core.interpreter.test.ProcessBeanTest"/>
</testsuite> <!-- processcontrol.core.interpreter.test.ProcessBeanTest -->
