<?xml version="1.0" encoding="UTF-8"?>
<!-- Generated by org.testng.reporters.JUnitReportReporter -->
<testsuite hostname="LGMTR-PC" name="processcontrol.core.akka.interpreter.test.MainAkkaTest" tests="1" failures="0" timestamp="13 Aug 2015 12:52:05 GMT" time="0.736" errors="0">
  <testcase name="akkaTest" time="0.736" classname="processcontrol.core.akka.interpreter.test.MainAkkaTest"/>
</testsuite> <!-- processcontrol.core.akka.interpreter.test.MainAkkaTest -->
