<?xml version="1.0" encoding="UTF-8"?>
<!-- Generated by org.testng.reporters.JUnitReportReporter -->
<testsuite hostname="jbr-PC" name="processcontrol.core.interpreter.test.ProcessBeanTest" tests="1" failures="0" timestamp="20 Aug 2015 14:23:10 GMT" time="0.845" errors="0">
  <testcase name="processBeanTestComplex" time="0.845" classname="processcontrol.core.interpreter.test.ProcessBeanTest"/>
</testsuite> <!-- processcontrol.core.interpreter.test.ProcessBeanTest -->
