<?xml version="1.0" encoding="UTF-8"?>
<!-- Generated by org.testng.reporters.JUnitReportReporter -->
<testsuite hostname="jbr-PC" name="processcontrol.core.interpreter.test.ThreadTest" tests="1" failures="0" timestamp="20 Aug 2015 13:14:53 GMT" time="7.575" errors="0">
  <testcase name="threadTest" time="7.575" classname="processcontrol.core.interpreter.test.ThreadTest"/>
</testsuite> <!-- processcontrol.core.interpreter.test.ThreadTest -->
