<?xml version="1.0" encoding="UTF-8"?>
<!-- Generated by org.testng.reporters.JUnitReportReporter -->
<testsuite hostname="LGMTR-PC" name="processcontrol.core.interpreter.test.ProcessBeanTest" tests="1" failures="0" timestamp="24 Aug 2015 14:37:21 GMT" time="1.316" errors="0">
  <testcase name="processBeanTestComplex" time="1.316" classname="processcontrol.core.interpreter.test.ProcessBeanTest"/>
</testsuite> <!-- processcontrol.core.interpreter.test.ProcessBeanTest -->
