<?xml version="1.0" encoding="UTF-8"?>
<!-- Generated by org.testng.reporters.JUnitReportReporter -->
<testsuite hostname="LGMTR-PC" name="processcontrol.core.interpreter.test.ProcessBeanTest" tests="3" failures="0" timestamp="10 Aug 2015 14:04:50 GMT" time="0.446" errors="0">
  <testcase name="processBeanTestComplex" time="0.034" classname="processcontrol.core.interpreter.test.ProcessBeanTest"/>
  <testcase name="processBeanTestSimple" time="0.041" classname="processcontrol.core.interpreter.test.ProcessBeanTest"/>
  <testcase name="processBeanStressTestComplex" time="0.371" classname="processcontrol.core.interpreter.test.ProcessBeanTest"/>
</testsuite> <!-- processcontrol.core.interpreter.test.ProcessBeanTest -->
